<?xml version="1.0" encoding="UTF-8"?>
<coverage generated="1750751664889" clover="3.2.0">
  <project timestamp="1750751664889" name="All files">
    <metrics statements="217" coveredstatements="191" conditionals="114" coveredconditionals="87" methods="56" coveredmethods="52" elements="387" coveredelements="330" complexity="0" loc="217" ncloc="217" packages="1" files="1" classes="1"/>
    <file name="server.js" path="C:\Users\sauvi\Documents\Keploy\book-library-api\server.js">
      <metrics statements="217" coveredstatements="191" conditionals="114" coveredconditionals="87" methods="56" coveredmethods="52"/>
      <line num="1" count="6" type="stmt"/>
      <line num="2" count="6" type="stmt"/>
      <line num="3" count="6" type="stmt"/>
      <line num="4" count="6" type="stmt"/>
      <line num="7" count="33" type="stmt"/>
      <line num="8" count="33" type="stmt"/>
      <line num="9" count="33" type="stmt"/>
      <line num="10" count="33" type="stmt"/>
      <line num="13" count="33" type="cond" truecount="2" falsecount="0"/>
      <line num="14" count="6" type="cond" truecount="1" falsecount="1"/>
      <line num="15" count="0" type="stmt"/>
      <line num="17" count="6" type="stmt"/>
      <line num="23" count="33" type="stmt"/>
      <line num="24" count="33" type="stmt"/>
      <line num="25" count="33" type="stmt"/>
      <line num="36" count="33" type="cond" truecount="1" falsecount="1"/>
      <line num="37" count="33" type="stmt"/>
      <line num="45" count="33" type="cond" truecount="1" falsecount="1"/>
      <line num="46" count="33" type="stmt"/>
      <line num="57" count="33" type="cond" truecount="1" falsecount="1"/>
      <line num="58" count="33" type="stmt"/>
      <line num="68" count="33" type="stmt"/>
      <line num="69" count="33" type="stmt"/>
      <line num="75" count="33" type="stmt"/>
      <line num="80" count="33" type="stmt"/>
      <line num="81" count="33" type="cond" truecount="1" falsecount="1"/>
      <line num="82" count="33" type="cond" truecount="2" falsecount="0"/>
      <line num="83" count="27" type="stmt"/>
      <line num="84" count="27" type="stmt"/>
      <line num="85" count="108" type="stmt"/>
      <line num="86" count="108" type="cond" truecount="1" falsecount="1"/>
      <line num="87" count="108" type="cond" truecount="2" falsecount="0"/>
      <line num="88" count="27" type="cond" truecount="1" falsecount="1"/>
      <line num="89" count="27" type="stmt"/>
      <line num="93" count="6" type="stmt"/>
      <line num="97" count="33" type="stmt"/>
      <line num="98" count="33" type="cond" truecount="1" falsecount="1"/>
      <line num="99" count="33" type="cond" truecount="2" falsecount="0"/>
      <line num="100" count="27" type="stmt"/>
      <line num="101" count="27" type="stmt"/>
      <line num="102" count="81" type="stmt"/>
      <line num="103" count="81" type="cond" truecount="1" falsecount="1"/>
      <line num="104" count="81" type="cond" truecount="2" falsecount="0"/>
      <line num="105" count="27" type="cond" truecount="1" falsecount="1"/>
      <line num="106" count="27" type="stmt"/>
      <line num="110" count="6" type="stmt"/>
      <line num="121" count="33" type="stmt"/>
      <line num="122" count="5" type="stmt"/>
      <line num="123" count="5" type="stmt"/>
      <line num="124" count="5" type="stmt"/>
      <line num="126" count="5" type="cond" truecount="4" falsecount="0"/>
      <line num="127" count="3" type="stmt"/>
      <line num="128" count="3" type="stmt"/>
      <line num="130" count="3" type="cond" truecount="2" falsecount="0"/>
      <line num="131" count="2" type="stmt"/>
      <line num="132" count="2" type="stmt"/>
      <line num="135" count="3" type="cond" truecount="2" falsecount="0"/>
      <line num="136" count="2" type="stmt"/>
      <line num="139" count="3" type="stmt"/>
      <line num="142" count="5" type="stmt"/>
      <line num="143" count="5" type="cond" truecount="2" falsecount="0"/>
      <line num="144" count="1" type="stmt"/>
      <line num="146" count="4" type="stmt"/>
      <line num="152" count="33" type="stmt"/>
      <line num="153" count="2" type="stmt"/>
      <line num="154" count="2" type="stmt"/>
      <line num="155" count="2" type="cond" truecount="1" falsecount="1"/>
      <line num="156" count="0" type="stmt"/>
      <line num="157" count="2" type="cond" truecount="2" falsecount="0"/>
      <line num="158" count="1" type="stmt"/>
      <line num="160" count="1" type="stmt"/>
      <line num="166" count="33" type="stmt"/>
      <line num="167" count="5" type="cond" truecount="1" falsecount="0"/>
      <line num="169" count="5" type="cond" truecount="4" falsecount="0"/>
      <line num="170" count="2" type="stmt"/>
      <line num="173" count="3" type="stmt"/>
      <line num="176" count="3" type="stmt"/>
      <line num="177" count="3" type="cond" truecount="2" falsecount="0"/>
      <line num="178" count="2" type="stmt"/>
      <line num="180" count="1" type="stmt"/>
      <line num="189" count="33" type="stmt"/>
      <line num="190" count="2" type="stmt"/>
      <line num="191" count="2" type="stmt"/>
      <line num="193" count="2" type="stmt"/>
      <line num="197" count="2" type="stmt"/>
      <line num="198" count="2" type="cond" truecount="1" falsecount="1"/>
      <line num="199" count="0" type="stmt"/>
      <line num="200" count="2" type="cond" truecount="2" falsecount="0"/>
      <line num="201" count="1" type="stmt"/>
      <line num="203" count="1" type="stmt"/>
      <line num="209" count="33" type="stmt"/>
      <line num="210" count="1" type="stmt"/>
      <line num="212" count="1" type="stmt"/>
      <line num="213" count="1" type="cond" truecount="1" falsecount="1"/>
      <line num="214" count="0" type="stmt"/>
      <line num="215" count="1" type="cond" truecount="1" falsecount="1"/>
      <line num="216" count="1" type="stmt"/>
      <line num="218" count="0" type="stmt"/>
      <line num="225" count="33" type="stmt"/>
      <line num="226" count="2" type="stmt"/>
      <line num="227" count="2" type="stmt"/>
      <line num="229" count="2" type="cond" truecount="2" falsecount="0"/>
      <line num="230" count="1" type="stmt"/>
      <line num="233" count="2" type="stmt"/>
      <line num="234" count="2" type="cond" truecount="1" falsecount="1"/>
      <line num="235" count="0" type="stmt"/>
      <line num="237" count="2" type="stmt"/>
      <line num="243" count="33" type="stmt"/>
      <line num="244" count="6" type="stmt"/>
      <line num="246" count="6" type="cond" truecount="4" falsecount="0"/>
      <line num="247" count="2" type="stmt"/>
      <line num="250" count="4" type="stmt"/>
      <line num="252" count="4" type="stmt"/>
      <line num="253" count="4" type="cond" truecount="2" falsecount="0"/>
      <line num="254" count="2" type="cond" truecount="2" falsecount="0"/>
      <line num="255" count="1" type="stmt"/>
      <line num="257" count="1" type="stmt"/>
      <line num="260" count="2" type="stmt"/>
      <line num="270" count="33" type="stmt"/>
      <line num="271" count="3" type="stmt"/>
      <line num="272" count="3" type="stmt"/>
      <line num="277" count="3" type="stmt"/>
      <line num="279" count="3" type="cond" truecount="4" falsecount="0"/>
      <line num="280" count="2" type="stmt"/>
      <line num="281" count="2" type="stmt"/>
      <line num="283" count="2" type="cond" truecount="2" falsecount="0"/>
      <line num="284" count="1" type="stmt"/>
      <line num="285" count="1" type="stmt"/>
      <line num="288" count="2" type="cond" truecount="2" falsecount="0"/>
      <line num="289" count="1" type="stmt"/>
      <line num="290" count="1" type="stmt"/>
      <line num="293" count="2" type="stmt"/>
      <line num="296" count="3" type="stmt"/>
      <line num="297" count="3" type="cond" truecount="1" falsecount="1"/>
      <line num="298" count="0" type="stmt"/>
      <line num="300" count="3" type="stmt"/>
      <line num="306" count="33" type="stmt"/>
      <line num="307" count="5" type="cond" truecount="1" falsecount="0"/>
      <line num="309" count="5" type="cond" truecount="4" falsecount="0"/>
      <line num="310" count="2" type="stmt"/>
      <line num="314" count="3" type="stmt"/>
      <line num="315" count="3" type="cond" truecount="2" falsecount="0"/>
      <line num="316" count="1" type="stmt"/>
      <line num="319" count="2" type="cond" truecount="1" falsecount="1"/>
      <line num="320" count="0" type="stmt"/>
      <line num="323" count="2" type="cond" truecount="2" falsecount="0"/>
      <line num="324" count="1" type="stmt"/>
      <line num="328" count="1" type="stmt"/>
      <line num="329" count="1" type="stmt"/>
      <line num="331" count="1" type="stmt"/>
      <line num="332" count="1" type="stmt"/>
      <line num="335" count="1" type="stmt"/>
      <line num="337" count="1" type="cond" truecount="1" falsecount="1"/>
      <line num="338" count="0" type="stmt"/>
      <line num="339" count="0" type="stmt"/>
      <line num="343" count="1" type="stmt"/>
      <line num="345" count="1" type="cond" truecount="1" falsecount="1"/>
      <line num="346" count="0" type="stmt"/>
      <line num="347" count="0" type="stmt"/>
      <line num="350" count="1" type="stmt"/>
      <line num="351" count="1" type="stmt"/>
      <line num="362" count="33" type="stmt"/>
      <line num="363" count="2" type="stmt"/>
      <line num="366" count="2" type="stmt"/>
      <line num="367" count="2" type="cond" truecount="1" falsecount="1"/>
      <line num="368" count="0" type="stmt"/>
      <line num="371" count="2" type="cond" truecount="2" falsecount="0"/>
      <line num="372" count="1" type="stmt"/>
      <line num="375" count="1" type="stmt"/>
      <line num="376" count="1" type="stmt"/>
      <line num="379" count="1" type="stmt"/>
      <line num="381" count="1" type="cond" truecount="1" falsecount="1"/>
      <line num="382" count="0" type="stmt"/>
      <line num="383" count="0" type="stmt"/>
      <line num="387" count="1" type="stmt"/>
      <line num="389" count="1" type="cond" truecount="1" falsecount="1"/>
      <line num="390" count="0" type="stmt"/>
      <line num="391" count="0" type="stmt"/>
      <line num="394" count="1" type="stmt"/>
      <line num="395" count="1" type="stmt"/>
      <line num="404" count="33" type="stmt"/>
      <line num="405" count="2" type="stmt"/>
      <line num="408" count="2" type="stmt"/>
      <line num="409" count="2" type="cond" truecount="2" falsecount="0"/>
      <line num="411" count="1" type="stmt"/>
      <line num="412" count="1" type="stmt"/>
      <line num="413" count="1" type="stmt"/>
      <line num="416" count="1" type="stmt"/>
      <line num="417" count="1" type="cond" truecount="1" falsecount="1"/>
      <line num="419" count="1" type="stmt"/>
      <line num="422" count="1" type="stmt"/>
      <line num="423" count="1" type="cond" truecount="1" falsecount="1"/>
      <line num="425" count="1" type="stmt"/>
      <line num="428" count="1" type="stmt"/>
      <line num="430" count="1" type="cond" truecount="1" falsecount="1"/>
      <line num="432" count="1" type="stmt"/>
      <line num="434" count="1" type="stmt"/>
      <line num="442" count="33" type="stmt"/>
      <line num="443" count="0" type="stmt"/>
      <line num="447" count="33" type="stmt"/>
      <line num="448" count="1" type="stmt"/>
      <line num="452" count="33" type="stmt"/>
      <line num="453" count="0" type="stmt"/>
      <line num="454" count="0" type="stmt"/>
      <line num="458" count="33" type="stmt"/>
      <line num="459" count="2" type="stmt"/>
      <line num="463" count="33" type="stmt"/>
      <line num="464" count="0" type="stmt"/>
      <line num="465" count="0" type="stmt"/>
      <line num="466" count="0" type="cond" truecount="0" falsecount="2"/>
      <line num="467" count="0" type="stmt"/>
      <line num="469" count="0" type="stmt"/>
      <line num="471" count="0" type="stmt"/>
      <line num="476" count="33" type="stmt"/>
      <line num="478" count="33" type="stmt"/>
      <line num="482" count="6" type="stmt"/>
      <line num="484" count="6" type="stmt"/>
    </file>
  </project>
</coverage>
