{"C:\\Users\\sauvi\\Documents\\Keploy\\book-library-api\\server.js": {"path":"C:\\Users\\sauvi\\Documents\\Keploy\\book-library-api\\server.js","statementMap":{"0":{"start":{"line":1,"column":16},"end":{"line":1,"column":34}},"1":{"start":{"line":2,"column":16},"end":{"line":2,"column":44}},"2":{"start":{"line":3,"column":13},"end":{"line":3,"column":28}},"3":{"start":{"line":4,"column":13},"end":{"line":4,"column":28}},"4":{"start":{"line":7,"column":16},"end":{"line":7,"column":25}},"5":{"start":{"line":8,"column":4},"end":{"line":8,"column":20}},"6":{"start":{"line":9,"column":4},"end":{"line":9,"column":28}},"7":{"start":{"line":10,"column":4},"end":{"line":10,"column":38}},"8":{"start":{"line":13,"column":15},"end":{"line":19,"column":6}},"9":{"start":{"line":14,"column":8},"end":{"line":18,"column":9}},"10":{"start":{"line":15,"column":12},"end":{"line":15,"column":66}},"11":{"start":{"line":17,"column":12},"end":{"line":17,"column":56}},"12":{"start":{"line":23,"column":8},"end":{"line":63,"column":11}},"13":{"start":{"line":24,"column":12},"end":{"line":62,"column":15}},"14":{"start":{"line":25,"column":16},"end":{"line":61,"column":19}},"15":{"start":{"line":36,"column":20},"end":{"line":36,"column":48}},"16":{"start":{"line":36,"column":29},"end":{"line":36,"column":48}},"17":{"start":{"line":37,"column":20},"end":{"line":60,"column":23}},"18":{"start":{"line":45,"column":24},"end":{"line":45,"column":52}},"19":{"start":{"line":45,"column":33},"end":{"line":45,"column":52}},"20":{"start":{"line":46,"column":24},"end":{"line":59,"column":27}},"21":{"start":{"line":57,"column":28},"end":{"line":57,"column":56}},"22":{"start":{"line":57,"column":37},"end":{"line":57,"column":56}},"23":{"start":{"line":58,"column":28},"end":{"line":58,"column":77}},"24":{"start":{"line":68,"column":8},"end":{"line":114,"column":11}},"25":{"start":{"line":69,"column":32},"end":{"line":74,"column":13}},"26":{"start":{"line":75,"column":34},"end":{"line":79,"column":13}},"27":{"start":{"line":80,"column":12},"end":{"line":95,"column":15}},"28":{"start":{"line":81,"column":16},"end":{"line":81,"column":44}},"29":{"start":{"line":81,"column":25},"end":{"line":81,"column":44}},"30":{"start":{"line":82,"column":16},"end":{"line":94,"column":17}},"31":{"start":{"line":83,"column":33},"end":{"line":83,"column":172}},"32":{"start":{"line":84,"column":34},"end":{"line":84,"column":52}},"33":{"start":{"line":85,"column":20},"end":{"line":91,"column":24}},"34":{"start":{"line":85,"column":48},"end":{"line":91,"column":22}},"35":{"start":{"line":86,"column":24},"end":{"line":86,"column":52}},"36":{"start":{"line":86,"column":33},"end":{"line":86,"column":52}},"37":{"start":{"line":87,"column":24},"end":{"line":90,"column":27}},"38":{"start":{"line":87,"column":45},"end":{"line":90,"column":27}},"39":{"start":{"line":88,"column":28},"end":{"line":88,"column":56}},"40":{"start":{"line":88,"column":37},"end":{"line":88,"column":56}},"41":{"start":{"line":89,"column":28},"end":{"line":89,"column":44}},"42":{"start":{"line":93,"column":20},"end":{"line":93,"column":36}},"43":{"start":{"line":97,"column":16},"end":{"line":112,"column":19}},"44":{"start":{"line":98,"column":20},"end":{"line":98,"column":48}},"45":{"start":{"line":98,"column":29},"end":{"line":98,"column":48}},"46":{"start":{"line":99,"column":20},"end":{"line":111,"column":21}},"47":{"start":{"line":100,"column":37},"end":{"line":100,"column":108}},"48":{"start":{"line":101,"column":38},"end":{"line":101,"column":58}},"49":{"start":{"line":102,"column":24},"end":{"line":108,"column":28}},"50":{"start":{"line":102,"column":56},"end":{"line":108,"column":26}},"51":{"start":{"line":103,"column":28},"end":{"line":103,"column":56}},"52":{"start":{"line":103,"column":37},"end":{"line":103,"column":56}},"53":{"start":{"line":104,"column":28},"end":{"line":107,"column":31}},"54":{"start":{"line":104,"column":49},"end":{"line":107,"column":31}},"55":{"start":{"line":105,"column":32},"end":{"line":105,"column":60}},"56":{"start":{"line":105,"column":41},"end":{"line":105,"column":60}},"57":{"start":{"line":106,"column":32},"end":{"line":106,"column":42}},"58":{"start":{"line":110,"column":24},"end":{"line":110,"column":34}},"59":{"start":{"line":121,"column":4},"end":{"line":149,"column":7}},"60":{"start":{"line":122,"column":42},"end":{"line":122,"column":51}},"61":{"start":{"line":123,"column":20},"end":{"line":123,"column":41}},"62":{"start":{"line":124,"column":21},"end":{"line":124,"column":23}},"63":{"start":{"line":126,"column":8},"end":{"line":140,"column":9}},"64":{"start":{"line":127,"column":12},"end":{"line":127,"column":31}},"65":{"start":{"line":128,"column":31},"end":{"line":128,"column":33}},"66":{"start":{"line":130,"column":12},"end":{"line":133,"column":13}},"67":{"start":{"line":131,"column":16},"end":{"line":131,"column":48}},"68":{"start":{"line":132,"column":16},"end":{"line":132,"column":42}},"69":{"start":{"line":135,"column":12},"end":{"line":137,"column":13}},"70":{"start":{"line":136,"column":16},"end":{"line":136,"column":56}},"71":{"start":{"line":139,"column":12},"end":{"line":139,"column":46}},"72":{"start":{"line":142,"column":8},"end":{"line":148,"column":11}},"73":{"start":{"line":143,"column":12},"end":{"line":147,"column":13}},"74":{"start":{"line":144,"column":16},"end":{"line":144,"column":61}},"75":{"start":{"line":146,"column":16},"end":{"line":146,"column":42}},"76":{"start":{"line":152,"column":4},"end":{"line":163,"column":7}},"77":{"start":{"line":153,"column":19},"end":{"line":153,"column":32}},"78":{"start":{"line":154,"column":8},"end":{"line":162,"column":11}},"79":{"start":{"line":155,"column":12},"end":{"line":161,"column":13}},"80":{"start":{"line":156,"column":16},"end":{"line":156,"column":61}},"81":{"start":{"line":157,"column":19},"end":{"line":161,"column":13}},"82":{"start":{"line":158,"column":16},"end":{"line":158,"column":66}},"83":{"start":{"line":160,"column":16},"end":{"line":160,"column":40}},"84":{"start":{"line":166,"column":4},"end":{"line":186,"column":7}},"85":{"start":{"line":167,"column":83},"end":{"line":167,"column":91}},"86":{"start":{"line":169,"column":8},"end":{"line":171,"column":9}},"87":{"start":{"line":170,"column":12},"end":{"line":170,"column":84}},"88":{"start":{"line":173,"column":21},"end":{"line":174,"column":63}},"89":{"start":{"line":176,"column":8},"end":{"line":185,"column":11}},"90":{"start":{"line":177,"column":12},"end":{"line":184,"column":13}},"91":{"start":{"line":178,"column":16},"end":{"line":178,"column":61}},"92":{"start":{"line":180,"column":16},"end":{"line":183,"column":19}},"93":{"start":{"line":189,"column":4},"end":{"line":206,"column":7}},"94":{"start":{"line":190,"column":19},"end":{"line":190,"column":32}},"95":{"start":{"line":191,"column":79},"end":{"line":191,"column":87}},"96":{"start":{"line":193,"column":21},"end":{"line":195,"column":47}},"97":{"start":{"line":197,"column":8},"end":{"line":205,"column":11}},"98":{"start":{"line":198,"column":12},"end":{"line":204,"column":13}},"99":{"start":{"line":199,"column":16},"end":{"line":199,"column":61}},"100":{"start":{"line":200,"column":19},"end":{"line":204,"column":13}},"101":{"start":{"line":201,"column":16},"end":{"line":201,"column":66}},"102":{"start":{"line":203,"column":16},"end":{"line":203,"column":67}},"103":{"start":{"line":209,"column":4},"end":{"line":221,"column":7}},"104":{"start":{"line":210,"column":19},"end":{"line":210,"column":32}},"105":{"start":{"line":212,"column":8},"end":{"line":220,"column":11}},"106":{"start":{"line":213,"column":12},"end":{"line":219,"column":13}},"107":{"start":{"line":214,"column":16},"end":{"line":214,"column":61}},"108":{"start":{"line":215,"column":19},"end":{"line":219,"column":13}},"109":{"start":{"line":216,"column":16},"end":{"line":216,"column":66}},"110":{"start":{"line":218,"column":16},"end":{"line":218,"column":67}},"111":{"start":{"line":225,"column":4},"end":{"line":240,"column":7}},"112":{"start":{"line":226,"column":32},"end":{"line":226,"column":41}},"113":{"start":{"line":227,"column":20},"end":{"line":227,"column":43}},"114":{"start":{"line":229,"column":8},"end":{"line":231,"column":9}},"115":{"start":{"line":230,"column":12},"end":{"line":230,"column":41}},"116":{"start":{"line":233,"column":8},"end":{"line":239,"column":11}},"117":{"start":{"line":234,"column":12},"end":{"line":238,"column":13}},"118":{"start":{"line":235,"column":16},"end":{"line":235,"column":61}},"119":{"start":{"line":237,"column":16},"end":{"line":237,"column":44}},"120":{"start":{"line":243,"column":4},"end":{"line":266,"column":7}},"121":{"start":{"line":244,"column":39},"end":{"line":244,"column":47}},"122":{"start":{"line":246,"column":8},"end":{"line":248,"column":9}},"123":{"start":{"line":247,"column":12},"end":{"line":247,"column":82}},"124":{"start":{"line":250,"column":21},"end":{"line":250,"column":92}},"125":{"start":{"line":252,"column":8},"end":{"line":265,"column":11}},"126":{"start":{"line":253,"column":12},"end":{"line":264,"column":13}},"127":{"start":{"line":254,"column":16},"end":{"line":258,"column":17}},"128":{"start":{"line":255,"column":20},"end":{"line":255,"column":76}},"129":{"start":{"line":257,"column":20},"end":{"line":257,"column":65}},"130":{"start":{"line":260,"column":16},"end":{"line":263,"column":19}},"131":{"start":{"line":270,"column":4},"end":{"line":303,"column":7}},"132":{"start":{"line":271,"column":38},"end":{"line":271,"column":47}},"133":{"start":{"line":272,"column":20},"end":{"line":276,"column":58}},"134":{"start":{"line":277,"column":21},"end":{"line":277,"column":23}},"135":{"start":{"line":279,"column":8},"end":{"line":294,"column":9}},"136":{"start":{"line":280,"column":12},"end":{"line":280,"column":31}},"137":{"start":{"line":281,"column":31},"end":{"line":281,"column":33}},"138":{"start":{"line":283,"column":12},"end":{"line":286,"column":13}},"139":{"start":{"line":284,"column":16},"end":{"line":284,"column":48}},"140":{"start":{"line":285,"column":16},"end":{"line":285,"column":36}},"141":{"start":{"line":288,"column":12},"end":{"line":291,"column":13}},"142":{"start":{"line":289,"column":16},"end":{"line":289,"column":51}},"143":{"start":{"line":290,"column":16},"end":{"line":290,"column":39}},"144":{"start":{"line":293,"column":12},"end":{"line":293,"column":46}},"145":{"start":{"line":296,"column":8},"end":{"line":302,"column":11}},"146":{"start":{"line":297,"column":12},"end":{"line":301,"column":13}},"147":{"start":{"line":298,"column":16},"end":{"line":298,"column":61}},"148":{"start":{"line":300,"column":16},"end":{"line":300,"column":47}},"149":{"start":{"line":306,"column":4},"end":{"line":359,"column":7}},"150":{"start":{"line":307,"column":50},"end":{"line":307,"column":58}},"151":{"start":{"line":309,"column":8},"end":{"line":311,"column":9}},"152":{"start":{"line":310,"column":12},"end":{"line":310,"column":89}},"153":{"start":{"line":314,"column":8},"end":{"line":358,"column":11}},"154":{"start":{"line":315,"column":12},"end":{"line":317,"column":13}},"155":{"start":{"line":316,"column":16},"end":{"line":316,"column":68}},"156":{"start":{"line":319,"column":12},"end":{"line":321,"column":13}},"157":{"start":{"line":320,"column":16},"end":{"line":320,"column":73}},"158":{"start":{"line":323,"column":12},"end":{"line":325,"column":13}},"159":{"start":{"line":324,"column":16},"end":{"line":324,"column":77}},"160":{"start":{"line":328,"column":28},"end":{"line":328,"column":38}},"161":{"start":{"line":329,"column":12},"end":{"line":329,"column":54}},"162":{"start":{"line":331,"column":12},"end":{"line":357,"column":15}},"163":{"start":{"line":332,"column":16},"end":{"line":332,"column":44}},"164":{"start":{"line":335,"column":16},"end":{"line":356,"column":19}},"165":{"start":{"line":337,"column":20},"end":{"line":340,"column":21}},"166":{"start":{"line":338,"column":24},"end":{"line":338,"column":43}},"167":{"start":{"line":339,"column":24},"end":{"line":339,"column":76}},"168":{"start":{"line":343,"column":20},"end":{"line":355,"column":23}},"169":{"start":{"line":345,"column":24},"end":{"line":348,"column":25}},"170":{"start":{"line":346,"column":28},"end":{"line":346,"column":47}},"171":{"start":{"line":347,"column":28},"end":{"line":347,"column":80}},"172":{"start":{"line":350,"column":24},"end":{"line":350,"column":41}},"173":{"start":{"line":351,"column":24},"end":{"line":354,"column":27}},"174":{"start":{"line":362,"column":4},"end":{"line":400,"column":7}},"175":{"start":{"line":363,"column":19},"end":{"line":363,"column":32}},"176":{"start":{"line":366,"column":8},"end":{"line":399,"column":11}},"177":{"start":{"line":367,"column":12},"end":{"line":369,"column":13}},"178":{"start":{"line":368,"column":16},"end":{"line":368,"column":68}},"179":{"start":{"line":371,"column":12},"end":{"line":373,"column":13}},"180":{"start":{"line":372,"column":16},"end":{"line":372,"column":85}},"181":{"start":{"line":375,"column":12},"end":{"line":398,"column":15}},"182":{"start":{"line":376,"column":16},"end":{"line":376,"column":44}},"183":{"start":{"line":379,"column":16},"end":{"line":397,"column":19}},"184":{"start":{"line":381,"column":20},"end":{"line":384,"column":21}},"185":{"start":{"line":382,"column":24},"end":{"line":382,"column":43}},"186":{"start":{"line":383,"column":24},"end":{"line":383,"column":76}},"187":{"start":{"line":387,"column":20},"end":{"line":396,"column":23}},"188":{"start":{"line":389,"column":24},"end":{"line":392,"column":25}},"189":{"start":{"line":390,"column":28},"end":{"line":390,"column":47}},"190":{"start":{"line":391,"column":28},"end":{"line":391,"column":80}},"191":{"start":{"line":394,"column":24},"end":{"line":394,"column":41}},"192":{"start":{"line":395,"column":24},"end":{"line":395,"column":76}},"193":{"start":{"line":404,"column":4},"end":{"line":439,"column":7}},"194":{"start":{"line":405,"column":22},"end":{"line":405,"column":24}},"195":{"start":{"line":408,"column":8},"end":{"line":438,"column":11}},"196":{"start":{"line":409,"column":12},"end":{"line":409,"column":73}},"197":{"start":{"line":409,"column":21},"end":{"line":409,"column":73}},"198":{"start":{"line":411,"column":12},"end":{"line":411,"column":48}},"199":{"start":{"line":412,"column":12},"end":{"line":412,"column":56}},"200":{"start":{"line":413,"column":12},"end":{"line":413,"column":73}},"201":{"start":{"line":416,"column":12},"end":{"line":437,"column":15}},"202":{"start":{"line":417,"column":16},"end":{"line":417,"column":77}},"203":{"start":{"line":417,"column":25},"end":{"line":417,"column":77}},"204":{"start":{"line":419,"column":16},"end":{"line":419,"column":57}},"205":{"start":{"line":422,"column":16},"end":{"line":436,"column":19}},"206":{"start":{"line":423,"column":20},"end":{"line":423,"column":81}},"207":{"start":{"line":423,"column":29},"end":{"line":423,"column":81}},"208":{"start":{"line":425,"column":20},"end":{"line":425,"column":68}},"209":{"start":{"line":428,"column":20},"end":{"line":435,"column":23}},"210":{"start":{"line":430,"column":24},"end":{"line":430,"column":85}},"211":{"start":{"line":430,"column":33},"end":{"line":430,"column":85}},"212":{"start":{"line":432,"column":24},"end":{"line":432,"column":67}},"213":{"start":{"line":434,"column":24},"end":{"line":434,"column":44}},"214":{"start":{"line":442,"column":4},"end":{"line":444,"column":7}},"215":{"start":{"line":443,"column":8},"end":{"line":443,"column":67}},"216":{"start":{"line":447,"column":4},"end":{"line":449,"column":7}},"217":{"start":{"line":448,"column":8},"end":{"line":448,"column":72}},"218":{"start":{"line":452,"column":4},"end":{"line":455,"column":7}},"219":{"start":{"line":453,"column":8},"end":{"line":453,"column":33}},"220":{"start":{"line":454,"column":8},"end":{"line":454,"column":65}},"221":{"start":{"line":458,"column":4},"end":{"line":460,"column":7}},"222":{"start":{"line":459,"column":8},"end":{"line":459,"column":62}},"223":{"start":{"line":463,"column":4},"end":{"line":473,"column":7}},"224":{"start":{"line":464,"column":8},"end":{"line":464,"column":47}},"225":{"start":{"line":465,"column":8},"end":{"line":472,"column":11}},"226":{"start":{"line":466,"column":12},"end":{"line":470,"column":13}},"227":{"start":{"line":467,"column":16},"end":{"line":467,"column":43}},"228":{"start":{"line":469,"column":16},"end":{"line":469,"column":59}},"229":{"start":{"line":471,"column":12},"end":{"line":471,"column":28}},"230":{"start":{"line":476,"column":4},"end":{"line":476,"column":39}},"231":{"start":{"line":478,"column":4},"end":{"line":478,"column":15}},"232":{"start":{"line":482,"column":0},"end":{"line":482,"column":29}},"233":{"start":{"line":484,"column":0},"end":{"line":484,"column":37}}},"fnMap":{"0":{"name":"createApp","decl":{"start":{"line":6,"column":9},"end":{"line":6,"column":18}},"loc":{"start":{"line":6,"column":29},"end":{"line":479,"column":1}},"line":6},"1":{"name":"(anonymous_1)","decl":{"start":{"line":13,"column":62},"end":{"line":13,"column":63}},"loc":{"start":{"line":13,"column":71},"end":{"line":19,"column":5}},"line":13},"2":{"name":"initializeDatabase","decl":{"start":{"line":22,"column":13},"end":{"line":22,"column":31}},"loc":{"start":{"line":22,"column":36},"end":{"line":64,"column":5}},"line":22},"3":{"name":"(anonymous_3)","decl":{"start":{"line":23,"column":27},"end":{"line":23,"column":28}},"loc":{"start":{"line":23,"column":48},"end":{"line":63,"column":9}},"line":23},"4":{"name":"(anonymous_4)","decl":{"start":{"line":24,"column":25},"end":{"line":24,"column":26}},"loc":{"start":{"line":24,"column":31},"end":{"line":62,"column":13}},"line":24},"5":{"name":"(anonymous_5)","decl":{"start":{"line":35,"column":20},"end":{"line":35,"column":21}},"loc":{"start":{"line":35,"column":29},"end":{"line":61,"column":17}},"line":35},"6":{"name":"(anonymous_6)","decl":{"start":{"line":44,"column":24},"end":{"line":44,"column":25}},"loc":{"start":{"line":44,"column":33},"end":{"line":60,"column":21}},"line":44},"7":{"name":"(anonymous_7)","decl":{"start":{"line":56,"column":28},"end":{"line":56,"column":29}},"loc":{"start":{"line":56,"column":37},"end":{"line":59,"column":25}},"line":56},"8":{"name":"insertSampleData","decl":{"start":{"line":67,"column":13},"end":{"line":67,"column":29}},"loc":{"start":{"line":67,"column":34},"end":{"line":115,"column":5}},"line":67},"9":{"name":"(anonymous_9)","decl":{"start":{"line":68,"column":27},"end":{"line":68,"column":28}},"loc":{"start":{"line":68,"column":48},"end":{"line":114,"column":9}},"line":68},"10":{"name":"(anonymous_10)","decl":{"start":{"line":80,"column":58},"end":{"line":80,"column":59}},"loc":{"start":{"line":80,"column":72},"end":{"line":95,"column":13}},"line":80},"11":{"name":"(anonymous_11)","decl":{"start":{"line":85,"column":40},"end":{"line":85,"column":41}},"loc":{"start":{"line":85,"column":48},"end":{"line":91,"column":22}},"line":85},"12":{"name":"(anonymous_12)","decl":{"start":{"line":85,"column":63},"end":{"line":85,"column":64}},"loc":{"start":{"line":85,"column":72},"end":{"line":91,"column":21}},"line":85},"13":{"name":"(anonymous_13)","decl":{"start":{"line":87,"column":59},"end":{"line":87,"column":60}},"loc":{"start":{"line":87,"column":68},"end":{"line":90,"column":25}},"line":87},"14":{"name":"insertMembers","decl":{"start":{"line":96,"column":21},"end":{"line":96,"column":34}},"loc":{"start":{"line":96,"column":37},"end":{"line":113,"column":13}},"line":96},"15":{"name":"(anonymous_15)","decl":{"start":{"line":97,"column":64},"end":{"line":97,"column":65}},"loc":{"start":{"line":97,"column":78},"end":{"line":112,"column":17}},"line":97},"16":{"name":"(anonymous_16)","decl":{"start":{"line":102,"column":46},"end":{"line":102,"column":47}},"loc":{"start":{"line":102,"column":56},"end":{"line":108,"column":26}},"line":102},"17":{"name":"(anonymous_17)","decl":{"start":{"line":102,"column":73},"end":{"line":102,"column":74}},"loc":{"start":{"line":102,"column":82},"end":{"line":108,"column":25}},"line":102},"18":{"name":"(anonymous_18)","decl":{"start":{"line":104,"column":63},"end":{"line":104,"column":64}},"loc":{"start":{"line":104,"column":72},"end":{"line":107,"column":29}},"line":104},"19":{"name":"(anonymous_19)","decl":{"start":{"line":121,"column":26},"end":{"line":121,"column":27}},"loc":{"start":{"line":121,"column":40},"end":{"line":149,"column":5}},"line":121},"20":{"name":"(anonymous_20)","decl":{"start":{"line":142,"column":30},"end":{"line":142,"column":31}},"loc":{"start":{"line":142,"column":45},"end":{"line":148,"column":9}},"line":142},"21":{"name":"(anonymous_21)","decl":{"start":{"line":152,"column":30},"end":{"line":152,"column":31}},"loc":{"start":{"line":152,"column":44},"end":{"line":163,"column":5}},"line":152},"22":{"name":"(anonymous_22)","decl":{"start":{"line":154,"column":57},"end":{"line":154,"column":58}},"loc":{"start":{"line":154,"column":71},"end":{"line":162,"column":9}},"line":154},"23":{"name":"(anonymous_23)","decl":{"start":{"line":166,"column":27},"end":{"line":166,"column":28}},"loc":{"start":{"line":166,"column":41},"end":{"line":186,"column":5}},"line":166},"24":{"name":"(anonymous_24)","decl":{"start":{"line":176,"column":93},"end":{"line":176,"column":94}},"loc":{"start":{"line":176,"column":107},"end":{"line":185,"column":9}},"line":176},"25":{"name":"(anonymous_25)","decl":{"start":{"line":189,"column":30},"end":{"line":189,"column":31}},"loc":{"start":{"line":189,"column":44},"end":{"line":206,"column":5}},"line":189},"26":{"name":"(anonymous_26)","decl":{"start":{"line":197,"column":83},"end":{"line":197,"column":84}},"loc":{"start":{"line":197,"column":97},"end":{"line":205,"column":9}},"line":197},"27":{"name":"(anonymous_27)","decl":{"start":{"line":209,"column":33},"end":{"line":209,"column":34}},"loc":{"start":{"line":209,"column":47},"end":{"line":221,"column":5}},"line":209},"28":{"name":"(anonymous_28)","decl":{"start":{"line":212,"column":55},"end":{"line":212,"column":56}},"loc":{"start":{"line":212,"column":69},"end":{"line":220,"column":9}},"line":212},"29":{"name":"(anonymous_29)","decl":{"start":{"line":225,"column":28},"end":{"line":225,"column":29}},"loc":{"start":{"line":225,"column":42},"end":{"line":240,"column":5}},"line":225},"30":{"name":"(anonymous_30)","decl":{"start":{"line":233,"column":26},"end":{"line":233,"column":27}},"loc":{"start":{"line":233,"column":41},"end":{"line":239,"column":9}},"line":233},"31":{"name":"(anonymous_31)","decl":{"start":{"line":243,"column":29},"end":{"line":243,"column":30}},"loc":{"start":{"line":243,"column":43},"end":{"line":266,"column":5}},"line":243},"32":{"name":"(anonymous_32)","decl":{"start":{"line":252,"column":39},"end":{"line":252,"column":40}},"loc":{"start":{"line":252,"column":53},"end":{"line":265,"column":9}},"line":252},"33":{"name":"(anonymous_33)","decl":{"start":{"line":270,"column":31},"end":{"line":270,"column":32}},"loc":{"start":{"line":270,"column":45},"end":{"line":303,"column":5}},"line":270},"34":{"name":"(anonymous_34)","decl":{"start":{"line":296,"column":30},"end":{"line":296,"column":31}},"loc":{"start":{"line":296,"column":45},"end":{"line":302,"column":9}},"line":296},"35":{"name":"(anonymous_35)","decl":{"start":{"line":306,"column":32},"end":{"line":306,"column":33}},"loc":{"start":{"line":306,"column":46},"end":{"line":359,"column":5}},"line":306},"36":{"name":"(anonymous_36)","decl":{"start":{"line":314,"column":77},"end":{"line":314,"column":78}},"loc":{"start":{"line":314,"column":92},"end":{"line":358,"column":9}},"line":314},"37":{"name":"(anonymous_37)","decl":{"start":{"line":331,"column":25},"end":{"line":331,"column":26}},"loc":{"start":{"line":331,"column":31},"end":{"line":357,"column":13}},"line":331},"38":{"name":"(anonymous_38)","decl":{"start":{"line":336,"column":68},"end":{"line":336,"column":69}},"loc":{"start":{"line":336,"column":82},"end":{"line":356,"column":17}},"line":336},"39":{"name":"(anonymous_39)","decl":{"start":{"line":344,"column":38},"end":{"line":344,"column":39}},"loc":{"start":{"line":344,"column":52},"end":{"line":355,"column":21}},"line":344},"40":{"name":"(anonymous_40)","decl":{"start":{"line":362,"column":42},"end":{"line":362,"column":43}},"loc":{"start":{"line":362,"column":56},"end":{"line":400,"column":5}},"line":362},"41":{"name":"(anonymous_41)","decl":{"start":{"line":366,"column":86},"end":{"line":366,"column":87}},"loc":{"start":{"line":366,"column":106},"end":{"line":399,"column":9}},"line":366},"42":{"name":"(anonymous_42)","decl":{"start":{"line":375,"column":25},"end":{"line":375,"column":26}},"loc":{"start":{"line":375,"column":31},"end":{"line":398,"column":13}},"line":375},"43":{"name":"(anonymous_43)","decl":{"start":{"line":380,"column":29},"end":{"line":380,"column":30}},"loc":{"start":{"line":380,"column":43},"end":{"line":397,"column":17}},"line":380},"44":{"name":"(anonymous_44)","decl":{"start":{"line":388,"column":48},"end":{"line":388,"column":49}},"loc":{"start":{"line":388,"column":62},"end":{"line":396,"column":21}},"line":388},"45":{"name":"(anonymous_45)","decl":{"start":{"line":404,"column":26},"end":{"line":404,"column":27}},"loc":{"start":{"line":404,"column":40},"end":{"line":439,"column":5}},"line":404},"46":{"name":"(anonymous_46)","decl":{"start":{"line":408,"column":90},"end":{"line":408,"column":91}},"loc":{"start":{"line":408,"column":110},"end":{"line":438,"column":9}},"line":408},"47":{"name":"(anonymous_47)","decl":{"start":{"line":416,"column":77},"end":{"line":416,"column":78}},"loc":{"start":{"line":416,"column":99},"end":{"line":437,"column":13}},"line":416},"48":{"name":"(anonymous_48)","decl":{"start":{"line":422,"column":94},"end":{"line":422,"column":95}},"loc":{"start":{"line":422,"column":119},"end":{"line":436,"column":17}},"line":422},"49":{"name":"(anonymous_49)","decl":{"start":{"line":429,"column":27},"end":{"line":429,"column":28}},"loc":{"start":{"line":429,"column":50},"end":{"line":435,"column":21}},"line":429},"50":{"name":"(anonymous_50)","decl":{"start":{"line":442,"column":17},"end":{"line":442,"column":18}},"loc":{"start":{"line":442,"column":31},"end":{"line":444,"column":5}},"line":442},"51":{"name":"(anonymous_51)","decl":{"start":{"line":447,"column":23},"end":{"line":447,"column":24}},"loc":{"start":{"line":447,"column":37},"end":{"line":449,"column":5}},"line":447},"52":{"name":"(anonymous_52)","decl":{"start":{"line":452,"column":12},"end":{"line":452,"column":13}},"loc":{"start":{"line":452,"column":37},"end":{"line":455,"column":5}},"line":452},"53":{"name":"(anonymous_53)","decl":{"start":{"line":458,"column":12},"end":{"line":458,"column":13}},"loc":{"start":{"line":458,"column":26},"end":{"line":460,"column":5}},"line":458},"54":{"name":"(anonymous_54)","decl":{"start":{"line":463,"column":25},"end":{"line":463,"column":26}},"loc":{"start":{"line":463,"column":31},"end":{"line":473,"column":5}},"line":463},"55":{"name":"(anonymous_55)","decl":{"start":{"line":465,"column":17},"end":{"line":465,"column":18}},"loc":{"start":{"line":465,"column":26},"end":{"line":472,"column":9}},"line":465}},"branchMap":{"0":{"loc":{"start":{"line":13,"column":15},"end":{"line":19,"column":6}},"type":"binary-expr","locations":[{"start":{"line":13,"column":15},"end":{"line":13,"column":23}},{"start":{"line":13,"column":27},"end":{"line":19,"column":6}}],"line":13},"1":{"loc":{"start":{"line":14,"column":8},"end":{"line":18,"column":9}},"type":"if","locations":[{"start":{"line":14,"column":8},"end":{"line":18,"column":9}},{"start":{"line":16,"column":15},"end":{"line":18,"column":9}}],"line":14},"2":{"loc":{"start":{"line":36,"column":20},"end":{"line":36,"column":48}},"type":"if","locations":[{"start":{"line":36,"column":20},"end":{"line":36,"column":48}},{"start":{},"end":{}}],"line":36},"3":{"loc":{"start":{"line":45,"column":24},"end":{"line":45,"column":52}},"type":"if","locations":[{"start":{"line":45,"column":24},"end":{"line":45,"column":52}},{"start":{},"end":{}}],"line":45},"4":{"loc":{"start":{"line":57,"column":28},"end":{"line":57,"column":56}},"type":"if","locations":[{"start":{"line":57,"column":28},"end":{"line":57,"column":56}},{"start":{},"end":{}}],"line":57},"5":{"loc":{"start":{"line":81,"column":16},"end":{"line":81,"column":44}},"type":"if","locations":[{"start":{"line":81,"column":16},"end":{"line":81,"column":44}},{"start":{},"end":{}}],"line":81},"6":{"loc":{"start":{"line":82,"column":16},"end":{"line":94,"column":17}},"type":"if","locations":[{"start":{"line":82,"column":16},"end":{"line":94,"column":17}},{"start":{"line":92,"column":23},"end":{"line":94,"column":17}}],"line":82},"7":{"loc":{"start":{"line":86,"column":24},"end":{"line":86,"column":52}},"type":"if","locations":[{"start":{"line":86,"column":24},"end":{"line":86,"column":52}},{"start":{},"end":{}}],"line":86},"8":{"loc":{"start":{"line":87,"column":24},"end":{"line":90,"column":27}},"type":"if","locations":[{"start":{"line":87,"column":24},"end":{"line":90,"column":27}},{"start":{},"end":{}}],"line":87},"9":{"loc":{"start":{"line":88,"column":28},"end":{"line":88,"column":56}},"type":"if","locations":[{"start":{"line":88,"column":28},"end":{"line":88,"column":56}},{"start":{},"end":{}}],"line":88},"10":{"loc":{"start":{"line":98,"column":20},"end":{"line":98,"column":48}},"type":"if","locations":[{"start":{"line":98,"column":20},"end":{"line":98,"column":48}},{"start":{},"end":{}}],"line":98},"11":{"loc":{"start":{"line":99,"column":20},"end":{"line":111,"column":21}},"type":"if","locations":[{"start":{"line":99,"column":20},"end":{"line":111,"column":21}},{"start":{"line":109,"column":27},"end":{"line":111,"column":21}}],"line":99},"12":{"loc":{"start":{"line":103,"column":28},"end":{"line":103,"column":56}},"type":"if","locations":[{"start":{"line":103,"column":28},"end":{"line":103,"column":56}},{"start":{},"end":{}}],"line":103},"13":{"loc":{"start":{"line":104,"column":28},"end":{"line":107,"column":31}},"type":"if","locations":[{"start":{"line":104,"column":28},"end":{"line":107,"column":31}},{"start":{},"end":{}}],"line":104},"14":{"loc":{"start":{"line":105,"column":32},"end":{"line":105,"column":60}},"type":"if","locations":[{"start":{"line":105,"column":32},"end":{"line":105,"column":60}},{"start":{},"end":{}}],"line":105},"15":{"loc":{"start":{"line":126,"column":8},"end":{"line":140,"column":9}},"type":"if","locations":[{"start":{"line":126,"column":8},"end":{"line":140,"column":9}},{"start":{},"end":{}}],"line":126},"16":{"loc":{"start":{"line":126,"column":12},"end":{"line":126,"column":35}},"type":"binary-expr","locations":[{"start":{"line":126,"column":12},"end":{"line":126,"column":17}},{"start":{"line":126,"column":21},"end":{"line":126,"column":35}}],"line":126},"17":{"loc":{"start":{"line":130,"column":12},"end":{"line":133,"column":13}},"type":"if","locations":[{"start":{"line":130,"column":12},"end":{"line":133,"column":13}},{"start":{},"end":{}}],"line":130},"18":{"loc":{"start":{"line":135,"column":12},"end":{"line":137,"column":13}},"type":"if","locations":[{"start":{"line":135,"column":12},"end":{"line":137,"column":13}},{"start":{},"end":{}}],"line":135},"19":{"loc":{"start":{"line":143,"column":12},"end":{"line":147,"column":13}},"type":"if","locations":[{"start":{"line":143,"column":12},"end":{"line":147,"column":13}},{"start":{"line":145,"column":19},"end":{"line":147,"column":13}}],"line":143},"20":{"loc":{"start":{"line":155,"column":12},"end":{"line":161,"column":13}},"type":"if","locations":[{"start":{"line":155,"column":12},"end":{"line":161,"column":13}},{"start":{"line":157,"column":19},"end":{"line":161,"column":13}}],"line":155},"21":{"loc":{"start":{"line":157,"column":19},"end":{"line":161,"column":13}},"type":"if","locations":[{"start":{"line":157,"column":19},"end":{"line":161,"column":13}},{"start":{"line":159,"column":19},"end":{"line":161,"column":13}}],"line":157},"22":{"loc":{"start":{"line":167,"column":62},"end":{"line":167,"column":78}},"type":"default-arg","locations":[{"start":{"line":167,"column":77},"end":{"line":167,"column":78}}],"line":167},"23":{"loc":{"start":{"line":169,"column":8},"end":{"line":171,"column":9}},"type":"if","locations":[{"start":{"line":169,"column":8},"end":{"line":171,"column":9}},{"start":{},"end":{}}],"line":169},"24":{"loc":{"start":{"line":169,"column":12},"end":{"line":169,"column":29}},"type":"binary-expr","locations":[{"start":{"line":169,"column":12},"end":{"line":169,"column":18}},{"start":{"line":169,"column":22},"end":{"line":169,"column":29}}],"line":169},"25":{"loc":{"start":{"line":177,"column":12},"end":{"line":184,"column":13}},"type":"if","locations":[{"start":{"line":177,"column":12},"end":{"line":184,"column":13}},{"start":{"line":179,"column":19},"end":{"line":184,"column":13}}],"line":177},"26":{"loc":{"start":{"line":198,"column":12},"end":{"line":204,"column":13}},"type":"if","locations":[{"start":{"line":198,"column":12},"end":{"line":204,"column":13}},{"start":{"line":200,"column":19},"end":{"line":204,"column":13}}],"line":198},"27":{"loc":{"start":{"line":200,"column":19},"end":{"line":204,"column":13}},"type":"if","locations":[{"start":{"line":200,"column":19},"end":{"line":204,"column":13}},{"start":{"line":202,"column":19},"end":{"line":204,"column":13}}],"line":200},"28":{"loc":{"start":{"line":213,"column":12},"end":{"line":219,"column":13}},"type":"if","locations":[{"start":{"line":213,"column":12},"end":{"line":219,"column":13}},{"start":{"line":215,"column":19},"end":{"line":219,"column":13}}],"line":213},"29":{"loc":{"start":{"line":215,"column":19},"end":{"line":219,"column":13}},"type":"if","locations":[{"start":{"line":215,"column":19},"end":{"line":219,"column":13}},{"start":{"line":217,"column":19},"end":{"line":219,"column":13}}],"line":215},"30":{"loc":{"start":{"line":229,"column":8},"end":{"line":231,"column":9}},"type":"if","locations":[{"start":{"line":229,"column":8},"end":{"line":231,"column":9}},{"start":{},"end":{}}],"line":229},"31":{"loc":{"start":{"line":234,"column":12},"end":{"line":238,"column":13}},"type":"if","locations":[{"start":{"line":234,"column":12},"end":{"line":238,"column":13}},{"start":{"line":236,"column":19},"end":{"line":238,"column":13}}],"line":234},"32":{"loc":{"start":{"line":246,"column":8},"end":{"line":248,"column":9}},"type":"if","locations":[{"start":{"line":246,"column":8},"end":{"line":248,"column":9}},{"start":{},"end":{}}],"line":246},"33":{"loc":{"start":{"line":246,"column":12},"end":{"line":246,"column":27}},"type":"binary-expr","locations":[{"start":{"line":246,"column":12},"end":{"line":246,"column":17}},{"start":{"line":246,"column":21},"end":{"line":246,"column":27}}],"line":246},"34":{"loc":{"start":{"line":253,"column":12},"end":{"line":264,"column":13}},"type":"if","locations":[{"start":{"line":253,"column":12},"end":{"line":264,"column":13}},{"start":{"line":259,"column":19},"end":{"line":264,"column":13}}],"line":253},"35":{"loc":{"start":{"line":254,"column":16},"end":{"line":258,"column":17}},"type":"if","locations":[{"start":{"line":254,"column":16},"end":{"line":258,"column":17}},{"start":{"line":256,"column":23},"end":{"line":258,"column":17}}],"line":254},"36":{"loc":{"start":{"line":279,"column":8},"end":{"line":294,"column":9}},"type":"if","locations":[{"start":{"line":279,"column":8},"end":{"line":294,"column":9}},{"start":{},"end":{}}],"line":279},"37":{"loc":{"start":{"line":279,"column":12},"end":{"line":279,"column":31}},"type":"binary-expr","locations":[{"start":{"line":279,"column":12},"end":{"line":279,"column":18}},{"start":{"line":279,"column":22},"end":{"line":279,"column":31}}],"line":279},"38":{"loc":{"start":{"line":283,"column":12},"end":{"line":286,"column":13}},"type":"if","locations":[{"start":{"line":283,"column":12},"end":{"line":286,"column":13}},{"start":{},"end":{}}],"line":283},"39":{"loc":{"start":{"line":288,"column":12},"end":{"line":291,"column":13}},"type":"if","locations":[{"start":{"line":288,"column":12},"end":{"line":291,"column":13}},{"start":{},"end":{}}],"line":288},"40":{"loc":{"start":{"line":297,"column":12},"end":{"line":301,"column":13}},"type":"if","locations":[{"start":{"line":297,"column":12},"end":{"line":301,"column":13}},{"start":{"line":299,"column":19},"end":{"line":301,"column":13}}],"line":297},"41":{"loc":{"start":{"line":307,"column":36},"end":{"line":307,"column":45}},"type":"default-arg","locations":[{"start":{"line":307,"column":43},"end":{"line":307,"column":45}}],"line":307},"42":{"loc":{"start":{"line":309,"column":8},"end":{"line":311,"column":9}},"type":"if","locations":[{"start":{"line":309,"column":8},"end":{"line":311,"column":9}},{"start":{},"end":{}}],"line":309},"43":{"loc":{"start":{"line":309,"column":12},"end":{"line":309,"column":34}},"type":"binary-expr","locations":[{"start":{"line":309,"column":12},"end":{"line":309,"column":20}},{"start":{"line":309,"column":24},"end":{"line":309,"column":34}}],"line":309},"44":{"loc":{"start":{"line":315,"column":12},"end":{"line":317,"column":13}},"type":"if","locations":[{"start":{"line":315,"column":12},"end":{"line":317,"column":13}},{"start":{},"end":{}}],"line":315},"45":{"loc":{"start":{"line":319,"column":12},"end":{"line":321,"column":13}},"type":"if","locations":[{"start":{"line":319,"column":12},"end":{"line":321,"column":13}},{"start":{},"end":{}}],"line":319},"46":{"loc":{"start":{"line":323,"column":12},"end":{"line":325,"column":13}},"type":"if","locations":[{"start":{"line":323,"column":12},"end":{"line":325,"column":13}},{"start":{},"end":{}}],"line":323},"47":{"loc":{"start":{"line":337,"column":20},"end":{"line":340,"column":21}},"type":"if","locations":[{"start":{"line":337,"column":20},"end":{"line":340,"column":21}},{"start":{},"end":{}}],"line":337},"48":{"loc":{"start":{"line":345,"column":24},"end":{"line":348,"column":25}},"type":"if","locations":[{"start":{"line":345,"column":24},"end":{"line":348,"column":25}},{"start":{},"end":{}}],"line":345},"49":{"loc":{"start":{"line":367,"column":12},"end":{"line":369,"column":13}},"type":"if","locations":[{"start":{"line":367,"column":12},"end":{"line":369,"column":13}},{"start":{},"end":{}}],"line":367},"50":{"loc":{"start":{"line":371,"column":12},"end":{"line":373,"column":13}},"type":"if","locations":[{"start":{"line":371,"column":12},"end":{"line":373,"column":13}},{"start":{},"end":{}}],"line":371},"51":{"loc":{"start":{"line":381,"column":20},"end":{"line":384,"column":21}},"type":"if","locations":[{"start":{"line":381,"column":20},"end":{"line":384,"column":21}},{"start":{},"end":{}}],"line":381},"52":{"loc":{"start":{"line":389,"column":24},"end":{"line":392,"column":25}},"type":"if","locations":[{"start":{"line":389,"column":24},"end":{"line":392,"column":25}},{"start":{},"end":{}}],"line":389},"53":{"loc":{"start":{"line":409,"column":12},"end":{"line":409,"column":73}},"type":"if","locations":[{"start":{"line":409,"column":12},"end":{"line":409,"column":73}},{"start":{},"end":{}}],"line":409},"54":{"loc":{"start":{"line":417,"column":16},"end":{"line":417,"column":77}},"type":"if","locations":[{"start":{"line":417,"column":16},"end":{"line":417,"column":77}},{"start":{},"end":{}}],"line":417},"55":{"loc":{"start":{"line":423,"column":20},"end":{"line":423,"column":81}},"type":"if","locations":[{"start":{"line":423,"column":20},"end":{"line":423,"column":81}},{"start":{},"end":{}}],"line":423},"56":{"loc":{"start":{"line":430,"column":24},"end":{"line":430,"column":85}},"type":"if","locations":[{"start":{"line":430,"column":24},"end":{"line":430,"column":85}},{"start":{},"end":{}}],"line":430},"57":{"loc":{"start":{"line":466,"column":12},"end":{"line":470,"column":13}},"type":"if","locations":[{"start":{"line":466,"column":12},"end":{"line":470,"column":13}},{"start":{"line":468,"column":19},"end":{"line":470,"column":13}}],"line":466}},"s":{"0":6,"1":6,"2":6,"3":6,"4":33,"5":33,"6":33,"7":33,"8":33,"9":6,"10":0,"11":6,"12":33,"13":33,"14":33,"15":33,"16":0,"17":33,"18":33,"19":0,"20":33,"21":33,"22":0,"23":33,"24":33,"25":33,"26":33,"27":33,"28":33,"29":0,"30":33,"31":27,"32":27,"33":27,"34":108,"35":108,"36":0,"37":108,"38":27,"39":27,"40":0,"41":27,"42":6,"43":33,"44":33,"45":0,"46":33,"47":27,"48":27,"49":27,"50":81,"51":81,"52":0,"53":81,"54":27,"55":27,"56":0,"57":27,"58":6,"59":33,"60":5,"61":5,"62":5,"63":5,"64":3,"65":3,"66":3,"67":2,"68":2,"69":3,"70":2,"71":3,"72":5,"73":5,"74":1,"75":4,"76":33,"77":2,"78":2,"79":2,"80":0,"81":2,"82":1,"83":1,"84":33,"85":5,"86":5,"87":2,"88":3,"89":3,"90":3,"91":2,"92":1,"93":33,"94":2,"95":2,"96":2,"97":2,"98":2,"99":0,"100":2,"101":1,"102":1,"103":33,"104":1,"105":1,"106":1,"107":0,"108":1,"109":1,"110":0,"111":33,"112":2,"113":2,"114":2,"115":1,"116":2,"117":2,"118":0,"119":2,"120":33,"121":6,"122":6,"123":2,"124":4,"125":4,"126":4,"127":2,"128":1,"129":1,"130":2,"131":33,"132":3,"133":3,"134":3,"135":3,"136":2,"137":2,"138":2,"139":1,"140":1,"141":2,"142":1,"143":1,"144":2,"145":3,"146":3,"147":0,"148":3,"149":33,"150":5,"151":5,"152":2,"153":3,"154":3,"155":1,"156":2,"157":0,"158":2,"159":1,"160":1,"161":1,"162":1,"163":1,"164":1,"165":1,"166":0,"167":0,"168":1,"169":1,"170":0,"171":0,"172":1,"173":1,"174":33,"175":2,"176":2,"177":2,"178":0,"179":2,"180":1,"181":1,"182":1,"183":1,"184":1,"185":0,"186":0,"187":1,"188":1,"189":0,"190":0,"191":1,"192":1,"193":33,"194":2,"195":2,"196":2,"197":1,"198":1,"199":1,"200":1,"201":1,"202":1,"203":0,"204":1,"205":1,"206":1,"207":0,"208":1,"209":1,"210":1,"211":0,"212":1,"213":1,"214":33,"215":0,"216":33,"217":1,"218":33,"219":0,"220":0,"221":33,"222":2,"223":33,"224":0,"225":0,"226":0,"227":0,"228":0,"229":0,"230":33,"231":33,"232":6,"233":6},"f":{"0":33,"1":6,"2":33,"3":33,"4":33,"5":33,"6":33,"7":33,"8":33,"9":33,"10":33,"11":108,"12":108,"13":27,"14":33,"15":33,"16":81,"17":81,"18":27,"19":5,"20":5,"21":2,"22":2,"23":5,"24":3,"25":2,"26":2,"27":1,"28":1,"29":2,"30":2,"31":6,"32":4,"33":3,"34":3,"35":5,"36":3,"37":1,"38":1,"39":1,"40":2,"41":2,"42":1,"43":1,"44":1,"45":2,"46":2,"47":1,"48":1,"49":1,"50":0,"51":1,"52":0,"53":2,"54":0,"55":0},"b":{"0":[33,6],"1":[0,6],"2":[0,33],"3":[0,33],"4":[0,33],"5":[0,33],"6":[27,6],"7":[0,108],"8":[27,81],"9":[0,27],"10":[0,33],"11":[27,6],"12":[0,81],"13":[27,54],"14":[0,27],"15":[3,2],"16":[5,3],"17":[2,1],"18":[2,1],"19":[1,4],"20":[0,2],"21":[1,1],"22":[2],"23":[2,3],"24":[5,4],"25":[2,1],"26":[0,2],"27":[1,1],"28":[0,1],"29":[1,0],"30":[1,1],"31":[0,2],"32":[2,4],"33":[6,5],"34":[2,2],"35":[1,1],"36":[2,1],"37":[3,2],"38":[1,1],"39":[1,1],"40":[0,3],"41":[5],"42":[2,3],"43":[5,4],"44":[1,2],"45":[0,2],"46":[1,1],"47":[0,1],"48":[0,1],"49":[0,2],"50":[1,1],"51":[0,1],"52":[0,1],"53":[1,1],"54":[0,1],"55":[0,1],"56":[0,1],"57":[0,0]},"_coverageSchema":"1a1c01bbd47fc00a2c39e90264f33305004495a9","hash":"564a6d233835bdb561a33c6aad240b4cddb9a020"}
}
