TN:
SF:server.js
FN:6,createApp
FN:13,(anonymous_1)
FN:22,initializeDatabase
FN:23,(anonymous_3)
FN:24,(anonymous_4)
FN:35,(anonymous_5)
FN:44,(anonymous_6)
FN:56,(anonymous_7)
FN:67,insertSampleData
FN:68,(anonymous_9)
FN:80,(anonymous_10)
FN:85,(anonymous_11)
FN:85,(anonymous_12)
FN:87,(anonymous_13)
FN:96,insertMembers
FN:97,(anonymous_15)
FN:102,(anonymous_16)
FN:102,(anonymous_17)
FN:104,(anonymous_18)
FN:121,(anonymous_19)
FN:142,(anonymous_20)
FN:152,(anonymous_21)
FN:154,(anonymous_22)
FN:166,(anonymous_23)
FN:176,(anonymous_24)
FN:189,(anonymous_25)
FN:197,(anonymous_26)
FN:209,(anonymous_27)
FN:212,(anonymous_28)
FN:225,(anonymous_29)
FN:233,(anonymous_30)
FN:243,(anonymous_31)
FN:252,(anonymous_32)
FN:270,(anonymous_33)
FN:296,(anonymous_34)
FN:306,(anonymous_35)
FN:314,(anonymous_36)
FN:331,(anonymous_37)
FN:336,(anonymous_38)
FN:344,(anonymous_39)
FN:362,(anonymous_40)
FN:366,(anonymous_41)
FN:375,(anonymous_42)
FN:380,(anonymous_43)
FN:388,(anonymous_44)
FN:404,(anonymous_45)
FN:408,(anonymous_46)
FN:416,(anonymous_47)
FN:422,(anonymous_48)
FN:429,(anonymous_49)
FN:442,(anonymous_50)
FN:447,(anonymous_51)
FN:452,(anonymous_52)
FN:458,(anonymous_53)
FN:463,(anonymous_54)
FN:465,(anonymous_55)
FNF:56
FNH:52
FNDA:33,createApp
FNDA:6,(anonymous_1)
FNDA:33,initializeDatabase
FNDA:33,(anonymous_3)
FNDA:33,(anonymous_4)
FNDA:33,(anonymous_5)
FNDA:33,(anonymous_6)
FNDA:33,(anonymous_7)
FNDA:33,insertSampleData
FNDA:33,(anonymous_9)
FNDA:33,(anonymous_10)
FNDA:108,(anonymous_11)
FNDA:108,(anonymous_12)
FNDA:27,(anonymous_13)
FNDA:33,insertMembers
FNDA:33,(anonymous_15)
FNDA:81,(anonymous_16)
FNDA:81,(anonymous_17)
FNDA:27,(anonymous_18)
FNDA:5,(anonymous_19)
FNDA:5,(anonymous_20)
FNDA:2,(anonymous_21)
FNDA:2,(anonymous_22)
FNDA:5,(anonymous_23)
FNDA:3,(anonymous_24)
FNDA:2,(anonymous_25)
FNDA:2,(anonymous_26)
FNDA:1,(anonymous_27)
FNDA:1,(anonymous_28)
FNDA:2,(anonymous_29)
FNDA:2,(anonymous_30)
FNDA:6,(anonymous_31)
FNDA:4,(anonymous_32)
FNDA:3,(anonymous_33)
FNDA:3,(anonymous_34)
FNDA:5,(anonymous_35)
FNDA:3,(anonymous_36)
FNDA:1,(anonymous_37)
FNDA:1,(anonymous_38)
FNDA:1,(anonymous_39)
FNDA:2,(anonymous_40)
FNDA:2,(anonymous_41)
FNDA:1,(anonymous_42)
FNDA:1,(anonymous_43)
FNDA:1,(anonymous_44)
FNDA:2,(anonymous_45)
FNDA:2,(anonymous_46)
FNDA:1,(anonymous_47)
FNDA:1,(anonymous_48)
FNDA:1,(anonymous_49)
FNDA:0,(anonymous_50)
FNDA:1,(anonymous_51)
FNDA:0,(anonymous_52)
FNDA:2,(anonymous_53)
FNDA:0,(anonymous_54)
FNDA:0,(anonymous_55)
DA:1,6
DA:2,6
DA:3,6
DA:4,6
DA:7,33
DA:8,33
DA:9,33
DA:10,33
DA:13,33
DA:14,6
DA:15,0
DA:17,6
DA:23,33
DA:24,33
DA:25,33
DA:36,33
DA:37,33
DA:45,33
DA:46,33
DA:57,33
DA:58,33
DA:68,33
DA:69,33
DA:75,33
DA:80,33
DA:81,33
DA:82,33
DA:83,27
DA:84,27
DA:85,108
DA:86,108
DA:87,108
DA:88,27
DA:89,27
DA:93,6
DA:97,33
DA:98,33
DA:99,33
DA:100,27
DA:101,27
DA:102,81
DA:103,81
DA:104,81
DA:105,27
DA:106,27
DA:110,6
DA:121,33
DA:122,5
DA:123,5
DA:124,5
DA:126,5
DA:127,3
DA:128,3
DA:130,3
DA:131,2
DA:132,2
DA:135,3
DA:136,2
DA:139,3
DA:142,5
DA:143,5
DA:144,1
DA:146,4
DA:152,33
DA:153,2
DA:154,2
DA:155,2
DA:156,0
DA:157,2
DA:158,1
DA:160,1
DA:166,33
DA:167,5
DA:169,5
DA:170,2
DA:173,3
DA:176,3
DA:177,3
DA:178,2
DA:180,1
DA:189,33
DA:190,2
DA:191,2
DA:193,2
DA:197,2
DA:198,2
DA:199,0
DA:200,2
DA:201,1
DA:203,1
DA:209,33
DA:210,1
DA:212,1
DA:213,1
DA:214,0
DA:215,1
DA:216,1
DA:218,0
DA:225,33
DA:226,2
DA:227,2
DA:229,2
DA:230,1
DA:233,2
DA:234,2
DA:235,0
DA:237,2
DA:243,33
DA:244,6
DA:246,6
DA:247,2
DA:250,4
DA:252,4
DA:253,4
DA:254,2
DA:255,1
DA:257,1
DA:260,2
DA:270,33
DA:271,3
DA:272,3
DA:277,3
DA:279,3
DA:280,2
DA:281,2
DA:283,2
DA:284,1
DA:285,1
DA:288,2
DA:289,1
DA:290,1
DA:293,2
DA:296,3
DA:297,3
DA:298,0
DA:300,3
DA:306,33
DA:307,5
DA:309,5
DA:310,2
DA:314,3
DA:315,3
DA:316,1
DA:319,2
DA:320,0
DA:323,2
DA:324,1
DA:328,1
DA:329,1
DA:331,1
DA:332,1
DA:335,1
DA:337,1
DA:338,0
DA:339,0
DA:343,1
DA:345,1
DA:346,0
DA:347,0
DA:350,1
DA:351,1
DA:362,33
DA:363,2
DA:366,2
DA:367,2
DA:368,0
DA:371,2
DA:372,1
DA:375,1
DA:376,1
DA:379,1
DA:381,1
DA:382,0
DA:383,0
DA:387,1
DA:389,1
DA:390,0
DA:391,0
DA:394,1
DA:395,1
DA:404,33
DA:405,2
DA:408,2
DA:409,2
DA:411,1
DA:412,1
DA:413,1
DA:416,1
DA:417,1
DA:419,1
DA:422,1
DA:423,1
DA:425,1
DA:428,1
DA:430,1
DA:432,1
DA:434,1
DA:442,33
DA:443,0
DA:447,33
DA:448,1
DA:452,33
DA:453,0
DA:454,0
DA:458,33
DA:459,2
DA:463,33
DA:464,0
DA:465,0
DA:466,0
DA:467,0
DA:469,0
DA:471,0
DA:476,33
DA:478,33
DA:482,6
DA:484,6
LF:217
LH:191
BRDA:13,0,0,33
BRDA:13,0,1,6
BRDA:14,1,0,0
BRDA:14,1,1,6
BRDA:36,2,0,0
BRDA:36,2,1,33
BRDA:45,3,0,0
BRDA:45,3,1,33
BRDA:57,4,0,0
BRDA:57,4,1,33
BRDA:81,5,0,0
BRDA:81,5,1,33
BRDA:82,6,0,27
BRDA:82,6,1,6
BRDA:86,7,0,0
BRDA:86,7,1,108
BRDA:87,8,0,27
BRDA:87,8,1,81
BRDA:88,9,0,0
BRDA:88,9,1,27
BRDA:98,10,0,0
BRDA:98,10,1,33
BRDA:99,11,0,27
BRDA:99,11,1,6
BRDA:103,12,0,0
BRDA:103,12,1,81
BRDA:104,13,0,27
BRDA:104,13,1,54
BRDA:105,14,0,0
BRDA:105,14,1,27
BRDA:126,15,0,3
BRDA:126,15,1,2
BRDA:126,16,0,5
BRDA:126,16,1,3
BRDA:130,17,0,2
BRDA:130,17,1,1
BRDA:135,18,0,2
BRDA:135,18,1,1
BRDA:143,19,0,1
BRDA:143,19,1,4
BRDA:155,20,0,0
BRDA:155,20,1,2
BRDA:157,21,0,1
BRDA:157,21,1,1
BRDA:167,22,0,2
BRDA:169,23,0,2
BRDA:169,23,1,3
BRDA:169,24,0,5
BRDA:169,24,1,4
BRDA:177,25,0,2
BRDA:177,25,1,1
BRDA:198,26,0,0
BRDA:198,26,1,2
BRDA:200,27,0,1
BRDA:200,27,1,1
BRDA:213,28,0,0
BRDA:213,28,1,1
BRDA:215,29,0,1
BRDA:215,29,1,0
BRDA:229,30,0,1
BRDA:229,30,1,1
BRDA:234,31,0,0
BRDA:234,31,1,2
BRDA:246,32,0,2
BRDA:246,32,1,4
BRDA:246,33,0,6
BRDA:246,33,1,5
BRDA:253,34,0,2
BRDA:253,34,1,2
BRDA:254,35,0,1
BRDA:254,35,1,1
BRDA:279,36,0,2
BRDA:279,36,1,1
BRDA:279,37,0,3
BRDA:279,37,1,2
BRDA:283,38,0,1
BRDA:283,38,1,1
BRDA:288,39,0,1
BRDA:288,39,1,1
BRDA:297,40,0,0
BRDA:297,40,1,3
BRDA:307,41,0,5
BRDA:309,42,0,2
BRDA:309,42,1,3
BRDA:309,43,0,5
BRDA:309,43,1,4
BRDA:315,44,0,1
BRDA:315,44,1,2
BRDA:319,45,0,0
BRDA:319,45,1,2
BRDA:323,46,0,1
BRDA:323,46,1,1
BRDA:337,47,0,0
BRDA:337,47,1,1
BRDA:345,48,0,0
BRDA:345,48,1,1
BRDA:367,49,0,0
BRDA:367,49,1,2
BRDA:371,50,0,1
BRDA:371,50,1,1
BRDA:381,51,0,0
BRDA:381,51,1,1
BRDA:389,52,0,0
BRDA:389,52,1,1
BRDA:409,53,0,1
BRDA:409,53,1,1
BRDA:417,54,0,0
BRDA:417,54,1,1
BRDA:423,55,0,0
BRDA:423,55,1,1
BRDA:430,56,0,0
BRDA:430,56,1,1
BRDA:466,57,0,0
BRDA:466,57,1,0
BRF:114
BRH:87
end_of_record
